2025-12-09 10:37:07 INFO  [main] practice.App - === Application Initialization Started ===
2025-12-09 10:37:07 INFO  [main] org.hibernate.Version - HHH000412: Hibernate ORM core version 6.6.38.Final
2025-12-09 10:37:07 INFO  [main] org.hibernate.cache.internal.RegionFactoryInitiator - HHH000026: Second-level cache disabled
2025-12-09 10:37:07 WARN  [main] org.hibernate.orm.connections.pooling - HHH10001002: Using built-in connection pool (not intended for production use)
2025-12-09 10:37:08 WARN  [main] org.hibernate.orm.deprecation - HHH90000025: MySQLDialect does not need to be specified explicitly using 'hibernate.dialect' (remove the property setting and it will be selected by default)
2025-12-09 10:37:08 INFO  [main] org.hibernate.orm.connections.pooling - HHH10001005: Database info:
	Database JDBC URL [jdbc:mysql://localhost:3306/ordersManager]
	Database driver: com.mysql.cj.jdbc.Driver
	Database version: 8.0.42
	Autocommit mode: false
	Isolation level: undefined/unknown
	Minimum pool size: 1
	Maximum pool size: 20
2025-12-09 10:37:09 INFO  [main] org.hibernate.engine.transaction.jta.platform.internal.JtaPlatformInitiator - HHH000489: No JTA platform available (set 'hibernate.transaction.jta.platform' to enable JTA platform integration)
2025-12-09 10:37:09 INFO  [main] org.hibernate.orm.connections.access - HHH10001501: Connection obtained from JdbcConnectionAccess [org.hibernate.engine.jdbc.env.internal.JdbcEnvironmentInitiator$ConnectionProviderJdbcConnectionAccess@93bf0e0] for (non-JTA) DDL execution was not in auto-commit mode; the Connection 'local transaction' will be committed and the Connection will be set into auto-commit mode.
2025-12-09 10:37:11 INFO  [main] org.hibernate.orm.connections.access - HHH10001501: Connection obtained from JdbcConnectionAccess [org.hibernate.engine.jdbc.env.internal.JdbcEnvironmentInitiator$ConnectionProviderJdbcConnectionAccess@75793f17] for (non-JTA) DDL execution was not in auto-commit mode; the Connection 'local transaction' will be committed and the Connection will be set into auto-commit mode.
2025-12-09 10:37:14 INFO  [main] practice.App - Hibernate session opened successfully
2025-12-09 10:37:14 INFO  [main] practice.App - Attempting to save product: id=7, name=two
2025-12-09 10:37:14 INFO  [main] practice.App - Product saved successfully. Transaction committed.
2025-12-09 10:37:14 INFO  [main] practice.App - Hibernate session closed
2025-12-09 10:37:14 INFO  [main] practice.App - === Application Execution Completed ===
