2025-12-10 10:08:55 INFO  [main] org.hibernate.Version - HHH000412: Hibernate ORM core version 6.6.38.Final
2025-12-10 10:09:21 INFO  [main] org.hibernate.Version - HHH000412: Hibernate ORM core version 6.6.38.Final
2025-12-10 10:10:40 INFO  [main] org.hibernate.Version - HHH000412: Hibernate ORM core version 6.6.38.Final
2025-12-10 10:14:29 INFO  [main] org.hibernate.Version - HHH000412: Hibernate ORM core version 6.6.38.Final
2025-12-10 10:17:22 INFO  [main] org.hibernate.Version - HHH000412: Hibernate ORM core version 6.6.38.Final
2025-12-10 10:20:52 INFO  [main] org.hibernate.Version - HHH000412: Hibernate ORM core version 6.6.38.Final
2025-12-10 10:23:29 INFO  [main] org.hibernate.Version - HHH000412: Hibernate ORM core version 6.6.38.Final
2025-12-10 10:23:29 INFO  [main] org.hibernate.cache.internal.RegionFactoryInitiator - HHH000026: Second-level cache disabled
2025-12-10 10:23:29 WARN  [main] org.hibernate.orm.connections.pooling - HHH10001002: Using built-in connection pool (not intended for production use)
2025-12-10 10:23:29 WARN  [main] org.hibernate.orm.deprecation - HHH90000025: MySQLDialect does not need to be specified explicitly using 'hibernate.dialect' (remove the property setting and it will be selected by default)
2025-12-10 10:23:29 INFO  [main] org.hibernate.orm.connections.pooling - HHH10001005: Database info:
	Database JDBC URL [jdbc:mysql://localhost:3306/ordersManager]
	Database driver: com.mysql.cj.jdbc.Driver
	Database version: 8.0.42
	Autocommit mode: false
	Isolation level: undefined/unknown
	Minimum pool size: 1
	Maximum pool size: 20
2025-12-10 10:23:30 INFO  [main] org.hibernate.engine.transaction.jta.platform.internal.JtaPlatformInitiator - HHH000489: No JTA platform available (set 'hibernate.transaction.jta.platform' to enable JTA platform integration)
2025-12-10 10:23:30 INFO  [main] org.hibernate.orm.connections.access - HHH10001501: Connection obtained from JdbcConnectionAccess [org.hibernate.engine.jdbc.env.internal.JdbcEnvironmentInitiator$ConnectionProviderJdbcConnectionAccess@25791d40] for (non-JTA) DDL execution was not in auto-commit mode; the Connection 'local transaction' will be committed and the Connection will be set into auto-commit mode.
2025-12-10 10:23:31 INFO  [main] org.hibernate.orm.connections.access - HHH10001501: Connection obtained from JdbcConnectionAccess [org.hibernate.engine.jdbc.env.internal.JdbcEnvironmentInitiator$ConnectionProviderJdbcConnectionAccess@76cdafa3] for (non-JTA) DDL execution was not in auto-commit mode; the Connection 'local transaction' will be committed and the Connection will be set into auto-commit mode.
2025-12-10 10:25:50 INFO  [main] org.hibernate.Version - HHH000412: Hibernate ORM core version 6.6.38.Final
2025-12-10 10:28:52 INFO  [main] org.hibernate.Version - HHH000412: Hibernate ORM core version 6.6.38.Final
2025-12-10 10:28:52 INFO  [main] org.hibernate.cache.internal.RegionFactoryInitiator - HHH000026: Second-level cache disabled
2025-12-10 10:28:53 WARN  [main] org.hibernate.orm.connections.pooling - HHH10001002: Using built-in connection pool (not intended for production use)
2025-12-10 10:28:53 WARN  [main] org.hibernate.orm.deprecation - HHH90000025: MySQLDialect does not need to be specified explicitly using 'hibernate.dialect' (remove the property setting and it will be selected by default)
2025-12-10 10:28:53 INFO  [main] org.hibernate.orm.connections.pooling - HHH10001005: Database info:
	Database JDBC URL [jdbc:mysql://localhost:3306/ordersManager]
	Database driver: com.mysql.cj.jdbc.Driver
	Database version: 8.0.42
	Autocommit mode: false
	Isolation level: undefined/unknown
	Minimum pool size: 1
	Maximum pool size: 20
2025-12-10 10:28:54 INFO  [main] org.hibernate.engine.transaction.jta.platform.internal.JtaPlatformInitiator - HHH000489: No JTA platform available (set 'hibernate.transaction.jta.platform' to enable JTA platform integration)
2025-12-10 10:28:54 INFO  [main] org.hibernate.orm.connections.access - HHH10001501: Connection obtained from JdbcConnectionAccess [org.hibernate.engine.jdbc.env.internal.JdbcEnvironmentInitiator$ConnectionProviderJdbcConnectionAccess@25791d40] for (non-JTA) DDL execution was not in auto-commit mode; the Connection 'local transaction' will be committed and the Connection will be set into auto-commit mode.
2025-12-10 10:28:55 INFO  [main] org.hibernate.orm.connections.access - HHH10001501: Connection obtained from JdbcConnectionAccess [org.hibernate.engine.jdbc.env.internal.JdbcEnvironmentInitiator$ConnectionProviderJdbcConnectionAccess@357f6391] for (non-JTA) DDL execution was not in auto-commit mode; the Connection 'local transaction' will be committed and the Connection will be set into auto-commit mode.
2025-12-10 10:31:11 INFO  [main] org.hibernate.Version - HHH000412: Hibernate ORM core version 6.6.38.Final
